<?xml version="1.0" encoding="UTF-8"?>
<!-- Generated by org.testng.reporters.JUnitReportReporter -->
<testsuite hostname="VoicesHP15" failures="0" tests="1" name="com.automation.NewTest" time="1.648" errors="0" timestamp="08 Aug 2018 17:27:46 GMT" skipped="0">
  <testcase classname="com.automation.NewTest" name="f" time="1.648"/>
</testsuite> <!-- com.automation.NewTest -->
